app/build/outputs/logs/manifest-merger-debug-report.txt
-- Merging decision tree log ---
manifest
ADDED from src\main\AndroidManifest.xml:2:1-43:12
	xmlns:android
		ADDED from src\main\AndroidManifest.xml:2:11-69
	package
		ADDED from src\main\AndroidManifest.xml:3:5-34
		INJECTED from src\main\AndroidManifest.xml
		INJECTED from src\main\AndroidManifest.xml
	android:versionName
		INJECTED from src\main\AndroidManifest.xml
		INJECTED from src\main\AndroidManifest.xml
	android:versionCode
		INJECTED from src\main\AndroidManifest.xml
		INJECTED from src\main\AndroidManifest.xml
uses-permission#android.permission.INTERNET
ADDED from src\main\AndroidManifest.xml:5:5-67
MERGED from [com.dxjia.baiduvoicehelper:library:0.2.0] AndroidManifest.xml:13:5-67
	android:name
		ADDED from src\main\AndroidManifest.xml:5:22-64
uses-permission#android.permission.WRITE_EXTERNAL_STORAGE
ADDED from src\main\AndroidManifest.xml:6:5-81
MERGED from [com.dxjia.baiduvoicehelper:library:0.2.0] AndroidManifest.xml:16:5-81
	android:name
		ADDED from src\main\AndroidManifest.xml:6:22-78
application
ADDED from src\main\AndroidManifest.xml:8:5-41:19
MERGED from [com.android.support:appcompat-v7:22.2.0] AndroidManifest.xml:22:5-20
MERGED from [com.android.support:support-v4:24.0.0-alpha1] AndroidManifest.xml:22:5-20
MERGED from [com.android.support:design:22.2.0] AndroidManifest.xml:22:5-20
MERGED from [com.android.support:appcompat-v7:22.2.0] AndroidManifest.xml:22:5-20
MERGED from [com.android.support:support-v4:24.0.0-alpha1] AndroidManifest.xml:22:5-20
MERGED from [com.android.support:support-v4:24.0.0-alpha1] AndroidManifest.xml:22:5-20
MERGED from [com.android.support:cardview-v7:22.2.0] AndroidManifest.xml:22:5-20
MERGED from [com.android.support:support-v4:24.0.0-alpha1] AndroidManifest.xml:22:5-20
MERGED from [com.dxjia.baiduvoicehelper:library:0.2.0] AndroidManifest.xml:18:5-37:19
MERGED from [com.android.support:support-v4:24.0.0-alpha1] AndroidManifest.xml:22:5-20
	android:label
		ADDED from src\main\AndroidManifest.xml:12:9-41
	android:allowBackup
		ADDED from src\main\AndroidManifest.xml:10:9-35
	android:icon
		ADDED from src\main\AndroidManifest.xml:11:9-43
	android:theme
		ADDED from src\main\AndroidManifest.xml:13:9-40
	android:name
		ADDED from src\main\AndroidManifest.xml:9:9-45
activity#com.dxjia.doubantop.activitys.MainActivity
ADDED from src\main\AndroidManifest.xml:14:9-24:20
	android:windowSoftInputMode
		ADDED from src\main\AndroidManifest.xml:17:13-52
	android:screenOrientation
		ADDED from src\main\AndroidManifest.xml:18:13-49
	android:label
		ADDED from src\main\AndroidManifest.xml:16:13-45
	android:name
		ADDED from src\main\AndroidManifest.xml:15:13-51
intent-filter#android.intent.action.MAIN+android.intent.category.LAUNCHER
ADDED from src\main\AndroidManifest.xml:19:13-23:29
action#android.intent.action.MAIN
ADDED from src\main\AndroidManifest.xml:20:17-69
	android:name
		ADDED from src\main\AndroidManifest.xml:20:25-66
category#android.intent.category.LAUNCHER
ADDED from src\main\AndroidManifest.xml:22:17-77
	android:name
		ADDED from src\main\AndroidManifest.xml:22:27-74
activity#com.dxjia.doubantop.activitys.AboutActivity
ADDED from src\main\AndroidManifest.xml:25:9-29:20
	android:screenOrientation
		ADDED from src\main\AndroidManifest.xml:28:13-49
	android:label
		ADDED from src\main\AndroidManifest.xml:27:13-57
	android:name
		ADDED from src\main\AndroidManifest.xml:26:13-52
activity#com.dxjia.doubantop.activitys.FavoritesActivity
ADDED from src\main\AndroidManifest.xml:30:9-34:20
	android:screenOrientation
		ADDED from src\main\AndroidManifest.xml:33:13-49
	android:label
		ADDED from src\main\AndroidManifest.xml:32:13-70
	android:name
		ADDED from src\main\AndroidManifest.xml:31:13-56
activity#com.dxjia.doubantop.activitys.DetailActivity
ADDED from src\main\AndroidManifest.xml:35:9-40:20
	android:screenOrientation
		ADDED from src\main\AndroidManifest.xml:39:13-49
	android:label
		ADDED from src\main\AndroidManifest.xml:37:13-58
	android:theme
		ADDED from src\main\AndroidManifest.xml:38:13-48
	android:name
		ADDED from src\main\AndroidManifest.xml:36:13-53
uses-sdk
INJECTED from src\main\AndroidManifest.xml reason: use-sdk injection requested
MERGED from [com.android.support:appcompat-v7:22.2.0] AndroidManifest.xml:20:5-43
MERGED from [com.android.support:support-v4:24.0.0-alpha1] AndroidManifest.xml:20:5-43
MERGED from [com.android.support:design:22.2.0] AndroidManifest.xml:20:5-43
MERGED from [com.android.support:appcompat-v7:22.2.0] AndroidManifest.xml:20:5-43
MERGED from [com.android.support:support-v4:24.0.0-alpha1] AndroidManifest.xml:20:5-43
MERGED from [com.android.support:support-v4:24.0.0-alpha1] AndroidManifest.xml:20:5-43
MERGED from [com.android.support:cardview-v7:22.2.0] AndroidManifest.xml:20:5-43
MERGED from [com.android.support:recyclerview-v7:22.2.0] AndroidManifest.xml:20:5-43
MERGED from [com.android.support:support-v4:24.0.0-alpha1] AndroidManifest.xml:20:5-43
MERGED from [com.joooonho:selectableroundedimageview:1.0.1] AndroidManifest.xml:7:5-9:41
MERGED from [com.dxjia.baiduvoicehelper:library:0.2.0] AndroidManifest.xml:7:5-9:41
MERGED from [com.android.support:support-v4:24.0.0-alpha1] AndroidManifest.xml:20:5-43
	android:targetSdkVersion
		INJECTED from src\main\AndroidManifest.xml
		INJECTED from src\main\AndroidManifest.xml
	android:minSdkVersion
		INJECTED from src\main\AndroidManifest.xml
		INJECTED from src\main\AndroidManifest.xml
uses-permission#android.permission.RECORD_AUDIO
ADDED from [com.dxjia.baiduvoicehelper:library:0.2.0] AndroidManifest.xml:11:5-71
	android:name
		ADDED from [com.dxjia.baiduvoicehelper:library:0.2.0] AndroidManifest.xml:11:22-68
uses-permission#android.permission.ACCESS_NETWORK_STATE
ADDED from [com.dxjia.baiduvoicehelper:library:0.2.0] AndroidManifest.xml:12:5-79
	android:name
		ADDED from [com.dxjia.baiduvoicehelper:library:0.2.0] AndroidManifest.xml:12:22-76
uses-permission#android.permission.READ_PHONE_STATE
ADDED from [com.dxjia.baiduvoicehelper:library:0.2.0] AndroidManifest.xml:14:5-75
	android:name
		ADDED from [com.dxjia.baiduvoicehelper:library:0.2.0] AndroidManifest.xml:14:22-72
uses-permission#android.permission.WRITE_SETTINGS
ADDED from [com.dxjia.baiduvoicehelper:library:0.2.0] AndroidManifest.xml:15:5-73
	android:name
		ADDED from [com.dxjia.baiduvoicehelper:library:0.2.0] AndroidManifest.xml:15:22-70
service#com.baidu.speech.VoiceRecognitionService
ADDED from [com.dxjia.baiduvoicehelper:library:0.2.0] AndroidManifest.xml:21:9-23:40
	android:exported
		ADDED from [com.dxjia.baiduvoicehelper:library:0.2.0] AndroidManifest.xml:23:13-37
	android:name
		ADDED from [com.dxjia.baiduvoicehelper:library:0.2.0] AndroidManifest.xml:22:13-68
activity#com.baidu.voicerecognition.android.ui.BaiduASRDigitalDialog
ADDED from [com.dxjia.baiduvoicehelper:library:0.2.0] AndroidManifest.xml:25:9-36:20
	android:screenOrientation
		ADDED from [com.dxjia.baiduvoicehelper:library:0.2.0] AndroidManifest.xml:29:13-49
	android:configChanges
		ADDED from [com.dxjia.baiduvoicehelper:library:0.2.0] AndroidManifest.xml:27:13-76
	android:theme
		ADDED from [com.dxjia.baiduvoicehelper:library:0.2.0] AndroidManifest.xml:30:13-56
	android:exported
		ADDED from [com.dxjia.baiduvoicehelper:library:0.2.0] AndroidManifest.xml:28:13-37
	android:name
		ADDED from [com.dxjia.baiduvoicehelper:library:0.2.0] AndroidManifest.xml:26:13-87
intent-filter#android.intent.category.DEFAULT+com.baidu.action.RECOGNIZE_SPEECH
ADDED from [com.dxjia.baiduvoicehelper:library:0.2.0] AndroidManifest.xml:31:13-35:29
action#com.baidu.action.RECOGNIZE_SPEECH
ADDED from [com.dxjia.baiduvoicehelper:library:0.2.0] AndroidManifest.xml:32:17-76
	android:name
		ADDED from [com.dxjia.baiduvoicehelper:library:0.2.0] AndroidManifest.xml:32:25-73
category#android.intent.category.DEFAULT
ADDED from [com.dxjia.baiduvoicehelper:library:0.2.0] AndroidManifest.xml:34:17-76
	android:name
		ADDED from [com.dxjia.baiduvoicehelper:library:0.2.0] AndroidManifest.xml:34:27-73